<?xml version="1.0" encoding="UTF-8"?>
<testsuites name="jest tests" tests="1" failures="0" errors="0" time="0.549">
  <testsuite name="undefined" errors="0" failures="0" skipped="0" timestamp="2022-12-07T07:12:59" time="0.342" tests="1">
    <testcase classname=" renders learn react link" name=" renders learn react link" time="0.023">
    </testcase>
  </testsuite>
</testsuites>